<?xml version="1.0" encoding="UTF-8" ?>
<testsuite failures="0" time="0.002" errors="0" skipped="0" tests="1" name="org.apache.tiles.web.util.ServletContextAdapterTest">
  <properties>
    <property name="java.vendor" value="Sun Microsystems Inc."/>
    <property name="env.SESSION_MANAGER" value="local/synth:/tmp/.ICE-unix/6335"/>
    <property name="env.LESSOPEN" value="| /usr/bin/lesspipe %s"/>
    <property name="localRepository" value="/home/antonio/.m2/repository"/>
    <property name="sun.java.launcher" value="SUN_STANDARD"/>
    <property name="sun.management.compiler" value="HotSpot Tiered Compilers"/>
    <property name="env.COLORFGBG" value="15;0"/>
    <property name="os.name" value="Linux"/>
    <property name="sun.boot.class.path" value="/usr/lib/jvm/java-6-sun-1.6.0.06/jre/lib/resources.jar:/usr/lib/jvm/java-6-sun-1.6.0.06/jre/lib/rt.jar:/usr/lib/jvm/java-6-sun-1.6.0.06/jre/lib/sunrsasign.jar:/usr/lib/jvm/java-6-sun-1.6.0.06/jre/lib/jsse.jar:/usr/lib/jvm/java-6-sun-1.6.0.06/jre/lib/jce.jar:/usr/lib/jvm/java-6-sun-1.6.0.06/jre/lib/charsets.jar:/usr/lib/jvm/java-6-sun-1.6.0.06/jre/classes"/>
    <property name="env.PWD" value="/home/antonio/javadev/workspace/tiles"/>
    <property name="env.XDG_SESSION_COOKIE" value="0aa87ce594d0a1fcca7915e548119d3b-1215538668.256674-2123172209"/>
    <property name="env.LANG" value="it_IT.UTF-8"/>
    <property name="java.vm.specification.vendor" value="Sun Microsystems Inc."/>
    <property name="java.runtime.version" value="1.6.0_06-b02"/>
    <property name="env.DISPLAY" value=":0.0"/>
    <property name="user.name" value="antonio"/>
    <property name="env._" value="/usr/java/apache-maven/bin/mvn"/>
    <property name="env.USER" value="antonio"/>
    <property name="env.HISTCONTROL" value="ignoreboth"/>
    <property name="env.SHELL" value="/bin/bash"/>
    <property name="env.KDE_MULTIHEAD" value="false"/>
    <property name="env.DESKTOP_SESSION" value="default"/>
    <property name="env.XDG_DATA_DIRS" value="/usr/lib/kde4/share:/usr/share:/usr/local/share"/>
    <property name="env.NLSPATH" value="/usr/dt/lib/nls/msg/%L/%N.cat"/>
    <property name="env.PATH" value="/usr/lib/kde4/bin/:/usr/local/sbin:/usr/local/bin:/usr/sbin:/usr/bin:/sbin:/bin:/usr/games:/usr/lib/kde4/bin:/usr/java/apache-maven/bin:/usr/java/apache-tomcat/bin"/>
    <property name="user.language" value="it"/>
    <property name="env.GS_LIB" value="/home/antonio/.fonts"/>
    <property name="sun.boot.library.path" value="/usr/lib/jvm/java-6-sun-1.6.0.06/jre/lib/i386"/>
    <property name="classworlds.conf" value="/usr/java/apache-maven/bin/m2.conf"/>
    <property name="env.QT_PLUGIN_PATH" value="/home/antonio/.kde4/lib/kde4/plugins/:/usr/lib/kde4/lib/kde4/plugins/"/>
    <property name="env.KDE_SESSION_UID" value="1000"/>
    <property name="java.version" value="1.6.0_06"/>
    <property name="env.KDE_FULL_SESSION" value="true"/>
    <property name="user.timezone" value="Europe/San_Marino"/>
    <property name="env.DBUS_SESSION_BUS_ADDRESS" value="unix:abstract=/tmp/dbus-1f412EJpQc,guid=3169faad966d3146011fcbbb4873a5ee"/>
    <property name="sun.arch.data.model" value="32"/>
    <property name="env.SSH_AGENT_PID" value="6279"/>
    <property name="java.endorsed.dirs" value="/usr/lib/jvm/java-6-sun-1.6.0.06/jre/lib/endorsed"/>
    <property name="sun.cpu.isalist" value=""/>
    <property name="sun.jnu.encoding" value="UTF-8"/>
    <property name="file.encoding.pkg" value="sun.io"/>
    <property name="env.SHLVL" value="2"/>
    <property name="file.separator" value="/"/>
    <property name="java.specification.name" value="Java Platform API Specification"/>
    <property name="env.XCURSOR_THEME" value="oxy-white"/>
    <property name="java.class.version" value="50.0"/>
    <property name="env.KDE_SESSION_VERSION" value="4"/>
    <property name="user.country" value="IT"/>
    <property name="java.home" value="/usr/lib/jvm/java-6-sun-1.6.0.06/jre"/>
    <property name="java.vm.info" value="mixed mode"/>
    <property name="env.TOMCAT_HOME" value="/usr/java/apache-tomcat"/>
    <property name="env.LOGNAME" value="antonio"/>
    <property name="os.version" value="2.6.24-19-generic"/>
    <property name="path.separator" value=":"/>
    <property name="java.vm.version" value="10.0-b22"/>
    <property name="env.LANGUAGE" value=""/>
    <property name="env.DESKTOP_STARTUP_ID" value=""/>
    <property name="env.DM_CONTROL" value="/var/run/xdmctl"/>
    <property name="env.JAVA_HOME" value="/usr/lib/jvm/java-6-sun"/>
    <property name="java.awt.printerjob" value="sun.print.PSPrinterJob"/>
    <property name="env.TERM" value="xterm"/>
    <property name="env.WINDOWPATH" value="7"/>
    <property name="sun.io.unicode.encoding" value="UnicodeLittle"/>
    <property name="user.home" value="/home/antonio"/>
    <property name="env.OLDPWD" value="/home/antonio/javadev/workspace/tiles/tiles-test"/>
    <property name="java.specification.vendor" value="Sun Microsystems Inc."/>
    <property name="env.M2_HOME" value="/usr/java/apache-maven"/>
    <property name="env.WINDOWID" value="27262977"/>
    <property name="java.library.path" value="/usr/lib/jvm/java-6-sun-1.6.0.06/jre/lib/i386/server:/usr/lib/jvm/java-6-sun-1.6.0.06/jre/lib/i386:/usr/lib/jvm/java-6-sun-1.6.0.06/jre/../lib/i386:/usr/lib/kde4/lib:/usr/java/packages/lib/i386:/lib:/usr/lib"/>
    <property name="java.vendor.url" value="http://java.sun.com/"/>
    <property name="java.vm.vendor" value="Sun Microsystems Inc."/>
    <property name="java.runtime.name" value="Java(TM) SE Runtime Environment"/>
    <property name="maven.home" value="/usr/java/apache-maven"/>
    <property name="java.class.path" value="/usr/java/apache-maven/boot/classworlds-1.1.jar"/>
    <property name="env.KONSOLE_DBUS_SESSION" value="/Sessions/1"/>
    <property name="env.XFILESEARCHPATH" value="/usr/dt/app-defaults/%L/Dt"/>
    <property name="java.vm.specification.name" value="Java Virtual Machine Specification"/>
    <property name="java.vm.specification.version" value="1.0"/>
    <property name="env.XDM_MANAGED" value="method=classic"/>
    <property name="sun.os.patch.level" value="unknown"/>
    <property name="sun.cpu.endian" value="little"/>
    <property name="env.GTK_RC_FILES" value="/etc/gtk/gtkrc:/home/antonio/.gtkrc::/home/antonio/.kde4/share/config/gtkrc"/>
    <property name="env.HOME" value="/home/antonio"/>
    <property name="surefire.test.class.path" value="/home/antonio/javadev/workspace/tiles/tiles-servlet/target/test-classes:/home/antonio/javadev/workspace/tiles/tiles-servlet/target/classes:/home/antonio/javadev/workspace/tiles/tiles-core/target/tiles-core-2.1.0-SNAPSHOT.jar:/home/antonio/javadev/workspace/tiles/tiles-api/target/tiles-api-2.1.0-SNAPSHOT.jar:/home/antonio/.m2/repository/commons-logging/commons-logging-api/1.1/commons-logging-api-1.1.jar:/home/antonio/.m2/repository/commons-digester/commons-digester/1.8/commons-digester-1.8.jar:/home/antonio/.m2/repository/commons-beanutils/commons-beanutils/1.7.0/commons-beanutils-1.7.0.jar:/home/antonio/.m2/repository/javax/servlet/servlet-api/2.5/servlet-api-2.5.jar:/home/antonio/.m2/repository/junit/junit/4.0/junit-4.0.jar:/home/antonio/.m2/repository/org/easymock/easymock/2.3/easymock-2.3.jar:/home/antonio/.m2/repository/org/apache/shale/shale-test/1.0.4/shale-test-1.0.4.jar:"/>
    <property name="java.io.tmpdir" value="/tmp"/>
    <property name="env.LD_LIBRARY_PATH" value="/usr/lib/jvm/java-6-sun-1.6.0.06/jre/lib/i386/server:/usr/lib/jvm/java-6-sun-1.6.0.06/jre/lib/i386:/usr/lib/jvm/java-6-sun-1.6.0.06/jre/../lib/i386:/usr/lib/kde4/lib"/>
    <property name="env.LS_COLORS" value="no=00:fi=00:di=01;34:ln=01;36:pi=40;33:so=01;35:do=01;35:bd=40;33;01:cd=40;33;01:or=40;31;01:su=37;41:sg=30;43:tw=30;42:ow=34;42:st=37;44:ex=01;32:*.tar=01;31:*.tgz=01;31:*.svgz=01;31:*.arj=01;31:*.taz=01;31:*.lzh=01;31:*.lzma=01;31:*.zip=01;31:*.z=01;31:*.Z=01;31:*.dz=01;31:*.gz=01;31:*.bz2=01;31:*.bz=01;31:*.tbz2=01;31:*.tz=01;31:*.deb=01;31:*.rpm=01;31:*.jar=01;31:*.rar=01;31:*.ace=01;31:*.zoo=01;31:*.cpio=01;31:*.7z=01;31:*.rz=01;31:*.jpg=01;35:*.jpeg=01;35:*.gif=01;35:*.bmp=01;35:*.pbm=01;35:*.pgm=01;35:*.ppm=01;35:*.tga=01;35:*.xbm=01;35:*.xpm=01;35:*.tif=01;35:*.tiff=01;35:*.png=01;35:*.svg=01;35:*.mng=01;35:*.pcx=01;35:*.mov=01;35:*.mpg=01;35:*.mpeg=01;35:*.m2v=01;35:*.mkv=01;35:*.ogm=01;35:*.mp4=01;35:*.m4v=01;35:*.mp4v=01;35:*.vob=01;35:*.qt=01;35:*.nuv=01;35:*.wmv=01;35:*.asf=01;35:*.rm=01;35:*.rmvb=01;35:*.flc=01;35:*.avi=01;35:*.fli=01;35:*.gl=01;35:*.dl=01;35:*.xcf=01;35:*.xwd=01;35:*.yuv=01;35:*.aac=00;36:*.au=00;36:*.flac=00;36:*.mid=00;36:*.midi=00;36:*.mka=00;36:*.mp3=00;36:*.mpc=00;36:*.ogg=00;36:*.ra=00;36:*.wav=00;36:"/>
    <property name="java.vendor.url.bug" value="http://java.sun.com/cgi-bin/bugreport.cgi"/>
    <property name="env.SSH_AUTH_SOCK" value="/tmp/ssh-jclpKz6206/agent.6206"/>
    <property name="env.KDEDIRS" value="/usr/lib/kde4"/>
    <property name="java.awt.graphicsenv" value="sun.awt.X11GraphicsEnvironment"/>
    <property name="os.arch" value="i386"/>
    <property name="java.ext.dirs" value="/usr/lib/jvm/java-6-sun-1.6.0.06/jre/lib/ext:/usr/java/packages/lib/ext"/>
    <property name="user.dir" value="/home/antonio/javadev/workspace/tiles/tiles-servlet"/>
    <property name="line.separator" value="
"/>
    <property name="java.vm.name" value="Java HotSpot(TM) Server VM"/>
    <property name="env.GTK2_RC_FILES" value="/etc/gtk-2.0/gtkrc:/home/antonio/.gtkrc-2.0::/home/antonio/.kde4/share/config/gtkrc-2.0"/>
    <property name="basedir" value="/home/antonio/javadev/workspace/tiles/tiles-servlet"/>
    <property name="file.encoding" value="UTF-8"/>
    <property name="env.KONSOLE_DBUS_SERVICE" value=":1.22"/>
    <property name="env.GPG_AGENT_INFO" value="/tmp/gpg-Waq9pp/S.gpg-agent:6280:1"/>
    <property name="java.specification.version" value="1.6"/>
    <property name="env.LESSCLOSE" value="/usr/bin/lesspipe %s %s"/>
  </properties>
  <testcase time="0.002" classname="org.apache.tiles.web.util.ServletContextAdapterTest" name="testGetInitParameters"/>
</testsuite>